2023-05-26T06:29:31.995Z - info: Connection has been established successfully.
2023-05-26T06:29:32.002Z - info: Server Running here 👉 https://localhost:3000
2023-05-26T06:31:22.541Z - info: Connection has been established successfully.
2023-05-26T06:31:22.545Z - info: Server Running here 👉 https://localhost:3000
2023-05-26T06:39:46.982Z - info: Connection has been established successfully.
2023-05-26T06:39:46.988Z - info: Server Running here 👉 https://localhost:3000
2023-05-26T06:39:49.658Z - info: Added new item: [object Object]
2023-05-26T06:40:59.264Z - info: Item with id: 1 was updated successfully.
2023-05-26T06:41:13.240Z - info: Sell order created successfully for item: 1. Amount sold: 2 for a total of: 32
2023-05-26T06:41:25.452Z - info: Buy order created successfully for item: 1. Amount bought: 2 for a total of: -14
2023-05-26T06:55:46.444Z - info: Connection has been established successfully.
2023-05-26T06:55:46.449Z - info: Server Running here 👉 https://localhost:3000
2023-05-26T06:56:23.759Z - info: Added new item: [object Object]
2023-05-26T07:02:33.760Z - info: Connection has been established successfully.
2023-05-26T07:02:33.764Z - info: Server Running here 👉 https://localhost:3000
2023-05-26T07:03:15.217Z - info: Connection has been established successfully.
2023-05-26T07:03:15.221Z - info: Server Running here 👉 https://localhost:3000
2023-05-26T07:03:54.787Z - info: Connection has been established successfully.
2023-05-26T07:03:54.791Z - info: Server Running here 👉 https://localhost:3000
2023-05-26T07:06:37.736Z - info: Connection has been established successfully.
2023-05-26T07:06:37.741Z - info: Server Running here 👉 https://localhost:3000
2023-05-26T07:06:53.480Z - info: Buy order created successfully for item: 1. Amount bought: 2 for a total of: -14
